============================= test session starts ==============================
platform darwin -- Python 3.11.11, pytest-9.0.2, pluggy-1.6.0 -- /Users/swa/Desktop/cenomi-chatbot/.venv/bin/python
cachedir: .pytest_cache
rootdir: /Users/swa/Desktop/cenomi-chatbot/backend
configfile: pyproject.toml
plugins: anyio-4.12.1, langsmith-0.7.18, asyncio-1.3.0
asyncio: mode=Mode.AUTO, debug=False, asyncio_default_fixture_loop_scope=None, asyncio_default_test_loop_scope=function
collecting ... collected 49 items / 7 errors

==================================== ERRORS ====================================
_______________ ERROR collecting tests/test_acceptance_patch.py ________________
ImportError while importing test module '/Users/swa/Desktop/cenomi-chatbot/backend/tests/test_acceptance_patch.py'.
Hint: make sure your test modules/packages have valid Python names.
Traceback:
../../../.pyenv/versions/3.11.11/lib/python3.11/importlib/__init__.py:126: in import_module
    return _bootstrap._gcd_import(name[level:], package, level)
           ^^^^^^^^^^^^^^^^^^^^^^^^^^^^^^^^^^^^^^^^^^^^^^^^^^^^
tests/test_acceptance_patch.py:33: in <module>
    from app.nodes.update_scene_memory import update_scene_memory, _extract_shopping_task
E   ImportError: cannot import name '_extract_shopping_task' from 'app.nodes.update_scene_memory' (/Users/swa/Desktop/cenomi-chatbot/backend/app/nodes/update_scene_memory.py)
_________________ ERROR collecting tests/test_cross_mall_v1.py _________________
ImportError while importing test module '/Users/swa/Desktop/cenomi-chatbot/backend/tests/test_cross_mall_v1.py'.
Hint: make sure your test modules/packages have valid Python names.
Traceback:
../../../.pyenv/versions/3.11.11/lib/python3.11/importlib/__init__.py:126: in import_module
    return _bootstrap._gcd_import(name[level:], package, level)
           ^^^^^^^^^^^^^^^^^^^^^^^^^^^^^^^^^^^^^^^^^^^^^^^^^^^^
tests/test_cross_mall_v1.py:11: in <module>
    from app.nodes.interpret_turn import _detect_flow_type_candidate
E   ImportError: cannot import name '_detect_flow_type_candidate' from 'app.nodes.interpret_turn' (/Users/swa/Desktop/cenomi-chatbot/backend/app/nodes/interpret_turn.py)
_______________ ERROR collecting tests/test_dual_flow_routing.py _______________
ImportError while importing test module '/Users/swa/Desktop/cenomi-chatbot/backend/tests/test_dual_flow_routing.py'.
Hint: make sure your test modules/packages have valid Python names.
Traceback:
../../../.pyenv/versions/3.11.11/lib/python3.11/importlib/__init__.py:126: in import_module
    return _bootstrap._gcd_import(name[level:], package, level)
           ^^^^^^^^^^^^^^^^^^^^^^^^^^^^^^^^^^^^^^^^^^^^^^^^^^^^
tests/test_dual_flow_routing.py:31: in <module>
    from app.nodes.route_flow import route_flow, _has_strong_scene_context, _is_pure_lookup
E   ImportError: cannot import name '_is_pure_lookup' from 'app.nodes.route_flow' (/Users/swa/Desktop/cenomi-chatbot/backend/app/nodes/route_flow.py)
_____________ ERROR collecting tests/test_hybrid_intent_routing.py _____________
ImportError while importing test module '/Users/swa/Desktop/cenomi-chatbot/backend/tests/test_hybrid_intent_routing.py'.
Hint: make sure your test modules/packages have valid Python names.
Traceback:
../../../.pyenv/versions/3.11.11/lib/python3.11/importlib/__init__.py:126: in import_module
    return _bootstrap._gcd_import(name[level:], package, level)
           ^^^^^^^^^^^^^^^^^^^^^^^^^^^^^^^^^^^^^^^^^^^^^^^^^^^^
tests/test_hybrid_intent_routing.py:18: in <module>
    from app.nodes.interpret_turn import _extract_hybrid_intent_bundle
E   ImportError: cannot import name '_extract_hybrid_intent_bundle' from 'app.nodes.interpret_turn' (/Users/swa/Desktop/cenomi-chatbot/backend/app/nodes/interpret_turn.py)
______________ ERROR collecting tests/test_llm_first_workflow.py _______________
ImportError while importing test module '/Users/swa/Desktop/cenomi-chatbot/backend/tests/test_llm_first_workflow.py'.
Hint: make sure your test modules/packages have valid Python names.
Traceback:
../../../.pyenv/versions/3.11.11/lib/python3.11/importlib/__init__.py:126: in import_module
    return _bootstrap._gcd_import(name[level:], package, level)
           ^^^^^^^^^^^^^^^^^^^^^^^^^^^^^^^^^^^^^^^^^^^^^^^^^^^^
tests/test_llm_first_workflow.py:47: in <module>
    from app.nodes.interpret_turn import (
E   ImportError: cannot import name '_extract_scenario_from_message' from 'app.nodes.interpret_turn' (/Users/swa/Desktop/cenomi-chatbot/backend/app/nodes/interpret_turn.py)
____________ ERROR collecting tests/test_response_mode_resolver.py _____________
ImportError while importing test module '/Users/swa/Desktop/cenomi-chatbot/backend/tests/test_response_mode_resolver.py'.
Hint: make sure your test modules/packages have valid Python names.
Traceback:
../../../.pyenv/versions/3.11.11/lib/python3.11/importlib/__init__.py:126: in import_module
    return _bootstrap._gcd_import(name[level:], package, level)
           ^^^^^^^^^^^^^^^^^^^^^^^^^^^^^^^^^^^^^^^^^^^^^^^^^^^^
tests/test_response_mode_resolver.py:25: in <module>
    from app.services.response_mode_resolver import (
E   ImportError: cannot import name 'classify_confidence' from 'app.services.response_mode_resolver' (/Users/swa/Desktop/cenomi-chatbot/backend/app/services/response_mode_resolver.py)
___________________ ERROR collecting tests/test_stability.py ___________________
ImportError while importing test module '/Users/swa/Desktop/cenomi-chatbot/backend/tests/test_stability.py'.
Hint: make sure your test modules/packages have valid Python names.
Traceback:
../../../.pyenv/versions/3.11.11/lib/python3.11/importlib/__init__.py:126: in import_module
    return _bootstrap._gcd_import(name[level:], package, level)
           ^^^^^^^^^^^^^^^^^^^^^^^^^^^^^^^^^^^^^^^^^^^^^^^^^^^^
tests/test_stability.py:37: in <module>
    from app.nodes.route_flow import route_flow, _has_strong_scene_context, _is_pure_lookup
E   ImportError: cannot import name '_is_pure_lookup' from 'app.nodes.route_flow' (/Users/swa/Desktop/cenomi-chatbot/backend/app/nodes/route_flow.py)
=========================== short test summary info ============================
ERROR tests/test_acceptance_patch.py
ERROR tests/test_cross_mall_v1.py
ERROR tests/test_dual_flow_routing.py
ERROR tests/test_hybrid_intent_routing.py
ERROR tests/test_llm_first_workflow.py
ERROR tests/test_response_mode_resolver.py
ERROR tests/test_stability.py
!!!!!!!!!!!!!!!!!!! Interrupted: 7 errors during collection !!!!!!!!!!!!!!!!!!!!
============================== 7 errors in 0.94s ===============================
